2014-08-06 06:02:23 Error: [MissingControllerException] Controller class AssetsController could not be found.
Exception Attributes: array (
  'class' => 'AssetsController',
  'plugin' => NULL,
)
Request URL: /test/cake/assets/avatars/avatar.png
Stack Trace:
#0 C:\xampp\htdocs\test\cake\app\webroot\index.php(108): Dispatcher->dispatch(Object(CakeRequest), Object(CakeResponse))
#1 {main}
2014-08-06 06:02:23 Error: [MissingControllerException] Controller class AssetsController could not be found.
Exception Attributes: array (
  'class' => 'AssetsController',
  'plugin' => NULL,
)
Request URL: /test/cake/assets/avatars/avatar3.png
Stack Trace:
#0 C:\xampp\htdocs\test\cake\app\webroot\index.php(108): Dispatcher->dispatch(Object(CakeRequest), Object(CakeResponse))
#1 {main}
2014-08-06 06:02:23 Error: [MissingControllerException] Controller class AssetsController could not be found.
Exception Attributes: array (
  'class' => 'AssetsController',
  'plugin' => NULL,
)
Request URL: /test/cake/assets/avatars/avatar4.png
Stack Trace:
#0 C:\xampp\htdocs\test\cake\app\webroot\index.php(108): Dispatcher->dispatch(Object(CakeRequest), Object(CakeResponse))
#1 {main}
2014-08-06 06:02:23 Error: [MissingControllerException] Controller class AssetsController could not be found.
Exception Attributes: array (
  'class' => 'AssetsController',
  'plugin' => NULL,
)
Request URL: /test/cake/assets/avatars/avatar2.png
Stack Trace:
#0 C:\xampp\htdocs\test\cake\app\webroot\index.php(108): Dispatcher->dispatch(Object(CakeRequest), Object(CakeResponse))
#1 {main}
2014-08-06 06:02:23 Error: [MissingControllerException] Controller class AssetsController could not be found.
Exception Attributes: array (
  'class' => 'AssetsController',
  'plugin' => NULL,
)
Request URL: /test/cake/assets/avatars/avatar5.png
Stack Trace:
#0 C:\xampp\htdocs\test\cake\app\webroot\index.php(108): Dispatcher->dispatch(Object(CakeRequest), Object(CakeResponse))
#1 {main}
2014-08-06 06:02:23 Error: [MissingControllerException] Controller class AssetsController could not be found.
Exception Attributes: array (
  'class' => 'AssetsController',
  'plugin' => NULL,
)
Request URL: /test/cake/assets/avatars/user.jpg
Stack Trace:
#0 C:\xampp\htdocs\test\cake\app\webroot\index.php(108): Dispatcher->dispatch(Object(CakeRequest), Object(CakeResponse))
#1 {main}
2014-08-06 06:04:06 Error: [MissingControllerException] Controller class AssetsController could not be found.
Exception Attributes: array (
  'class' => 'AssetsController',
  'plugin' => NULL,
)
Request URL: /test/cake/assets/avatars/avatar4.png
Stack Trace:
#0 C:\xampp\htdocs\test\cake\app\webroot\index.php(108): Dispatcher->dispatch(Object(CakeRequest), Object(CakeResponse))
#1 {main}
2014-08-06 06:04:06 Error: [MissingControllerException] Controller class AssetsController could not be found.
Exception Attributes: array (
  'class' => 'AssetsController',
  'plugin' => NULL,
)
Request URL: /test/cake/assets/avatars/avatar3.png
Stack Trace:
#0 C:\xampp\htdocs\test\cake\app\webroot\index.php(108): Dispatcher->dispatch(Object(CakeRequest), Object(CakeResponse))
#1 {main}
2014-08-06 06:04:06 Error: [MissingControllerException] Controller class AssetsController could not be found.
Exception Attributes: array (
  'class' => 'AssetsController',
  'plugin' => NULL,
)
Request URL: /test/cake/assets/avatars/avatar.png
Stack Trace:
#0 C:\xampp\htdocs\test\cake\app\webroot\index.php(108): Dispatcher->dispatch(Object(CakeRequest), Object(CakeResponse))
#1 {main}
2014-08-06 06:04:06 Error: [MissingControllerException] Controller class AssetsController could not be found.
Exception Attributes: array (
  'class' => 'AssetsController',
  'plugin' => NULL,
)
Request URL: /test/cake/assets/avatars/avatar2.png
Stack Trace:
#0 C:\xampp\htdocs\test\cake\app\webroot\index.php(108): Dispatcher->dispatch(Object(CakeRequest), Object(CakeResponse))
#1 {main}
2014-08-06 06:04:06 Error: [MissingControllerException] Controller class AssetsController could not be found.
Exception Attributes: array (
  'class' => 'AssetsController',
  'plugin' => NULL,
)
Request URL: /test/cake/assets/avatars/user.jpg
Stack Trace:
#0 C:\xampp\htdocs\test\cake\app\webroot\index.php(108): Dispatcher->dispatch(Object(CakeRequest), Object(CakeResponse))
#1 {main}
2014-08-06 06:04:06 Error: [MissingControllerException] Controller class AssetsController could not be found.
Exception Attributes: array (
  'class' => 'AssetsController',
  'plugin' => NULL,
)
Request URL: /test/cake/assets/avatars/avatar5.png
Stack Trace:
#0 C:\xampp\htdocs\test\cake\app\webroot\index.php(108): Dispatcher->dispatch(Object(CakeRequest), Object(CakeResponse))
#1 {main}
2014-08-06 06:23:22 Error: [MissingControllerException] Controller class AssetsController could not be found.
Exception Attributes: array (
  'class' => 'AssetsController',
  'plugin' => NULL,
)
Request URL: /test/cake/assets/avatars/avatar.png
Stack Trace:
#0 C:\xampp\htdocs\test\cake\app\webroot\index.php(108): Dispatcher->dispatch(Object(CakeRequest), Object(CakeResponse))
#1 {main}
2014-08-06 06:23:22 Error: [MissingControllerException] Controller class AssetsController could not be found.
Exception Attributes: array (
  'class' => 'AssetsController',
  'plugin' => NULL,
)
Request URL: /test/cake/assets/avatars/avatar3.png
Stack Trace:
#0 C:\xampp\htdocs\test\cake\app\webroot\index.php(108): Dispatcher->dispatch(Object(CakeRequest), Object(CakeResponse))
#1 {main}
2014-08-06 06:23:22 Error: [MissingControllerException] Controller class AssetsController could not be found.
Exception Attributes: array (
  'class' => 'AssetsController',
  'plugin' => NULL,
)
Request URL: /test/cake/assets/avatars/avatar5.png
Stack Trace:
#0 C:\xampp\htdocs\test\cake\app\webroot\index.php(108): Dispatcher->dispatch(Object(CakeRequest), Object(CakeResponse))
#1 {main}
2014-08-06 06:23:22 Error: [MissingControllerException] Controller class AssetsController could not be found.
Exception Attributes: array (
  'class' => 'AssetsController',
  'plugin' => NULL,
)
Request URL: /test/cake/assets/avatars/user.jpg
Stack Trace:
#0 C:\xampp\htdocs\test\cake\app\webroot\index.php(108): Dispatcher->dispatch(Object(CakeRequest), Object(CakeResponse))
#1 {main}
2014-08-06 06:23:22 Error: [MissingControllerException] Controller class AssetsController could not be found.
Exception Attributes: array (
  'class' => 'AssetsController',
  'plugin' => NULL,
)
Request URL: /test/cake/assets/avatars/avatar2.png
Stack Trace:
#0 C:\xampp\htdocs\test\cake\app\webroot\index.php(108): Dispatcher->dispatch(Object(CakeRequest), Object(CakeResponse))
#1 {main}
2014-08-06 06:23:22 Error: [MissingControllerException] Controller class AssetsController could not be found.
Exception Attributes: array (
  'class' => 'AssetsController',
  'plugin' => NULL,
)
Request URL: /test/cake/assets/avatars/avatar4.png
Stack Trace:
#0 C:\xampp\htdocs\test\cake\app\webroot\index.php(108): Dispatcher->dispatch(Object(CakeRequest), Object(CakeResponse))
#1 {main}
2014-08-06 06:24:43 Error: [MissingControllerException] Controller class AssetsController could not be found.
Exception Attributes: array (
  'class' => 'AssetsController',
  'plugin' => NULL,
)
Request URL: /test/cake/assets/avatars/avatar4.png
Stack Trace:
#0 C:\xampp\htdocs\test\cake\app\webroot\index.php(108): Dispatcher->dispatch(Object(CakeRequest), Object(CakeResponse))
#1 {main}
2014-08-06 06:24:43 Error: [MissingControllerException] Controller class AssetsController could not be found.
Exception Attributes: array (
  'class' => 'AssetsController',
  'plugin' => NULL,
)
Request URL: /test/cake/assets/avatars/avatar2.png
Stack Trace:
#0 C:\xampp\htdocs\test\cake\app\webroot\index.php(108): Dispatcher->dispatch(Object(CakeRequest), Object(CakeResponse))
#1 {main}
2014-08-06 06:24:43 Error: [MissingControllerException] Controller class AssetsController could not be found.
Exception Attributes: array (
  'class' => 'AssetsController',
  'plugin' => NULL,
)
Request URL: /test/cake/assets/avatars/avatar.png
Stack Trace:
#0 C:\xampp\htdocs\test\cake\app\webroot\index.php(108): Dispatcher->dispatch(Object(CakeRequest), Object(CakeResponse))
#1 {main}
2014-08-06 06:24:43 Error: [MissingControllerException] Controller class AssetsController could not be found.
Exception Attributes: array (
  'class' => 'AssetsController',
  'plugin' => NULL,
)
Request URL: /test/cake/assets/avatars/avatar3.png
Stack Trace:
#0 C:\xampp\htdocs\test\cake\app\webroot\index.php(108): Dispatcher->dispatch(Object(CakeRequest), Object(CakeResponse))
#1 {main}
2014-08-06 06:24:43 Error: [MissingControllerException] Controller class AssetsController could not be found.
Exception Attributes: array (
  'class' => 'AssetsController',
  'plugin' => NULL,
)
Request URL: /test/cake/assets/avatars/avatar5.png
Stack Trace:
#0 C:\xampp\htdocs\test\cake\app\webroot\index.php(108): Dispatcher->dispatch(Object(CakeRequest), Object(CakeResponse))
#1 {main}
2014-08-06 06:24:44 Error: [MissingControllerException] Controller class AssetsController could not be found.
Exception Attributes: array (
  'class' => 'AssetsController',
  'plugin' => NULL,
)
Request URL: /test/cake/assets/avatars/user.jpg
Stack Trace:
#0 C:\xampp\htdocs\test\cake\app\webroot\index.php(108): Dispatcher->dispatch(Object(CakeRequest), Object(CakeResponse))
#1 {main}
2014-08-06 06:25:45 Error: [MissingControllerException] Controller class AssetsController could not be found.
Exception Attributes: array (
  'class' => 'AssetsController',
  'plugin' => NULL,
)
Request URL: /test/cake/assets/avatars/avatar4.png
Stack Trace:
#0 C:\xampp\htdocs\test\cake\app\webroot\index.php(108): Dispatcher->dispatch(Object(CakeRequest), Object(CakeResponse))
#1 {main}
2014-08-06 06:25:45 Error: [MissingControllerException] Controller class AssetsController could not be found.
Exception Attributes: array (
  'class' => 'AssetsController',
  'plugin' => NULL,
)
Request URL: /test/cake/assets/avatars/avatar.png
Stack Trace:
#0 C:\xampp\htdocs\test\cake\app\webroot\index.php(108): Dispatcher->dispatch(Object(CakeRequest), Object(CakeResponse))
#1 {main}
2014-08-06 06:25:45 Error: [MissingControllerException] Controller class AssetsController could not be found.
Exception Attributes: array (
  'class' => 'AssetsController',
  'plugin' => NULL,
)
Request URL: /test/cake/assets/avatars/avatar5.png
Stack Trace:
#0 C:\xampp\htdocs\test\cake\app\webroot\index.php(108): Dispatcher->dispatch(Object(CakeRequest), Object(CakeResponse))
#1 {main}
2014-08-06 06:25:45 Error: [MissingControllerException] Controller class AssetsController could not be found.
Exception Attributes: array (
  'class' => 'AssetsController',
  'plugin' => NULL,
)
Request URL: /test/cake/assets/avatars/avatar3.png
Stack Trace:
#0 C:\xampp\htdocs\test\cake\app\webroot\index.php(108): Dispatcher->dispatch(Object(CakeRequest), Object(CakeResponse))
#1 {main}
2014-08-06 06:25:45 Error: [MissingControllerException] Controller class AssetsController could not be found.
Exception Attributes: array (
  'class' => 'AssetsController',
  'plugin' => NULL,
)
Request URL: /test/cake/assets/avatars/avatar2.png
Stack Trace:
#0 C:\xampp\htdocs\test\cake\app\webroot\index.php(108): Dispatcher->dispatch(Object(CakeRequest), Object(CakeResponse))
#1 {main}
2014-08-06 06:25:45 Error: [MissingControllerException] Controller class AssetsController could not be found.
Exception Attributes: array (
  'class' => 'AssetsController',
  'plugin' => NULL,
)
Request URL: /test/cake/assets/avatars/user.jpg
Stack Trace:
#0 C:\xampp\htdocs\test\cake\app\webroot\index.php(108): Dispatcher->dispatch(Object(CakeRequest), Object(CakeResponse))
#1 {main}
2014-08-06 07:00:50 Error: [MissingControllerException] Controller class AssetsController could not be found.
Exception Attributes: array (
  'class' => 'AssetsController',
  'plugin' => NULL,
)
Request URL: /test/cake/assets/avatars/avatar.png
Stack Trace:
#0 C:\xampp\htdocs\test\cake\app\webroot\index.php(108): Dispatcher->dispatch(Object(CakeRequest), Object(CakeResponse))
#1 {main}
2014-08-06 07:00:50 Error: [MissingControllerException] Controller class AssetsController could not be found.
Exception Attributes: array (
  'class' => 'AssetsController',
  'plugin' => NULL,
)
Request URL: /test/cake/assets/avatars/avatar2.png
Stack Trace:
#0 C:\xampp\htdocs\test\cake\app\webroot\index.php(108): Dispatcher->dispatch(Object(CakeRequest), Object(CakeResponse))
#1 {main}
2014-08-06 07:00:50 Error: [MissingControllerException] Controller class AssetsController could not be found.
Exception Attributes: array (
  'class' => 'AssetsController',
  'plugin' => NULL,
)
Request URL: /test/cake/assets/avatars/avatar4.png
Stack Trace:
#0 C:\xampp\htdocs\test\cake\app\webroot\index.php(108): Dispatcher->dispatch(Object(CakeRequest), Object(CakeResponse))
#1 {main}
2014-08-06 07:00:50 Error: [MissingControllerException] Controller class AssetsController could not be found.
Exception Attributes: array (
  'class' => 'AssetsController',
  'plugin' => NULL,
)
Request URL: /test/cake/assets/avatars/avatar3.png
Stack Trace:
#0 C:\xampp\htdocs\test\cake\app\webroot\index.php(108): Dispatcher->dispatch(Object(CakeRequest), Object(CakeResponse))
#1 {main}
2014-08-06 07:00:50 Error: [MissingControllerException] Controller class AssetsController could not be found.
Exception Attributes: array (
  'class' => 'AssetsController',
  'plugin' => NULL,
)
Request URL: /test/cake/assets/avatars/avatar5.png
Stack Trace:
#0 C:\xampp\htdocs\test\cake\app\webroot\index.php(108): Dispatcher->dispatch(Object(CakeRequest), Object(CakeResponse))
#1 {main}
2014-08-06 07:00:50 Error: [MissingControllerException] Controller class AssetsController could not be found.
Exception Attributes: array (
  'class' => 'AssetsController',
  'plugin' => NULL,
)
Request URL: /test/cake/assets/avatars/user.jpg
Stack Trace:
#0 C:\xampp\htdocs\test\cake\app\webroot\index.php(108): Dispatcher->dispatch(Object(CakeRequest), Object(CakeResponse))
#1 {main}
2014-08-06 07:04:15 Error: [MissingControllerException] Controller class AssetsController could not be found.
Exception Attributes: array (
  'class' => 'AssetsController',
  'plugin' => NULL,
)
Request URL: /test/cake/assets/avatars/avatar3.png
Stack Trace:
#0 C:\xampp\htdocs\test\cake\app\webroot\index.php(108): Dispatcher->dispatch(Object(CakeRequest), Object(CakeResponse))
#1 {main}
2014-08-06 07:04:15 Error: [MissingControllerException] Controller class AssetsController could not be found.
Exception Attributes: array (
  'class' => 'AssetsController',
  'plugin' => NULL,
)
Request URL: /test/cake/assets/avatars/avatar.png
Stack Trace:
#0 C:\xampp\htdocs\test\cake\app\webroot\index.php(108): Dispatcher->dispatch(Object(CakeRequest), Object(CakeResponse))
#1 {main}
2014-08-06 07:04:15 Error: [MissingControllerException] Controller class AssetsController could not be found.
Exception Attributes: array (
  'class' => 'AssetsController',
  'plugin' => NULL,
)
Request URL: /test/cake/assets/avatars/avatar4.png
Stack Trace:
#0 C:\xampp\htdocs\test\cake\app\webroot\index.php(108): Dispatcher->dispatch(Object(CakeRequest), Object(CakeResponse))
#1 {main}
2014-08-06 07:04:15 Error: [MissingControllerException] Controller class AssetsController could not be found.
Exception Attributes: array (
  'class' => 'AssetsController',
  'plugin' => NULL,
)
Request URL: /test/cake/assets/avatars/avatar2.png
Stack Trace:
#0 C:\xampp\htdocs\test\cake\app\webroot\index.php(108): Dispatcher->dispatch(Object(CakeRequest), Object(CakeResponse))
#1 {main}
2014-08-06 07:04:16 Error: [MissingControllerException] Controller class AssetsController could not be found.
Exception Attributes: array (
  'class' => 'AssetsController',
  'plugin' => NULL,
)
Request URL: /test/cake/assets/avatars/avatar5.png
Stack Trace:
#0 C:\xampp\htdocs\test\cake\app\webroot\index.php(108): Dispatcher->dispatch(Object(CakeRequest), Object(CakeResponse))
#1 {main}
2014-08-06 07:04:16 Error: [MissingControllerException] Controller class AssetsController could not be found.
Exception Attributes: array (
  'class' => 'AssetsController',
  'plugin' => NULL,
)
Request URL: /test/cake/assets/avatars/user.jpg
Stack Trace:
#0 C:\xampp\htdocs\test\cake\app\webroot\index.php(108): Dispatcher->dispatch(Object(CakeRequest), Object(CakeResponse))
#1 {main}
2014-08-06 07:04:57 Error: [MissingControllerException] Controller class AssetsController could not be found.
Exception Attributes: array (
  'class' => 'AssetsController',
  'plugin' => NULL,
)
Request URL: /test/cake/assets/avatars/avatar.png
Stack Trace:
#0 C:\xampp\htdocs\test\cake\app\webroot\index.php(108): Dispatcher->dispatch(Object(CakeRequest), Object(CakeResponse))
#1 {main}
2014-08-06 07:04:57 Error: [MissingControllerException] Controller class AssetsController could not be found.
Exception Attributes: array (
  'class' => 'AssetsController',
  'plugin' => NULL,
)
Request URL: /test/cake/assets/avatars/avatar4.png
Stack Trace:
#0 C:\xampp\htdocs\test\cake\app\webroot\index.php(108): Dispatcher->dispatch(Object(CakeRequest), Object(CakeResponse))
#1 {main}
2014-08-06 07:04:57 Error: [MissingControllerException] Controller class AssetsController could not be found.
Exception Attributes: array (
  'class' => 'AssetsController',
  'plugin' => NULL,
)
Request URL: /test/cake/assets/avatars/avatar2.png
Stack Trace:
#0 C:\xampp\htdocs\test\cake\app\webroot\index.php(108): Dispatcher->dispatch(Object(CakeRequest), Object(CakeResponse))
#1 {main}
2014-08-06 07:04:57 Error: [MissingControllerException] Controller class AssetsController could not be found.
Exception Attributes: array (
  'class' => 'AssetsController',
  'plugin' => NULL,
)
Request URL: /test/cake/assets/avatars/avatar3.png
Stack Trace:
#0 C:\xampp\htdocs\test\cake\app\webroot\index.php(108): Dispatcher->dispatch(Object(CakeRequest), Object(CakeResponse))
#1 {main}
2014-08-06 07:04:57 Error: [MissingControllerException] Controller class AssetsController could not be found.
Exception Attributes: array (
  'class' => 'AssetsController',
  'plugin' => NULL,
)
Request URL: /test/cake/assets/avatars/avatar5.png
Stack Trace:
#0 C:\xampp\htdocs\test\cake\app\webroot\index.php(108): Dispatcher->dispatch(Object(CakeRequest), Object(CakeResponse))
#1 {main}
2014-08-06 07:04:57 Error: [MissingControllerException] Controller class AssetsController could not be found.
Exception Attributes: array (
  'class' => 'AssetsController',
  'plugin' => NULL,
)
Request URL: /test/cake/assets/avatars/user.jpg
Stack Trace:
#0 C:\xampp\htdocs\test\cake\app\webroot\index.php(108): Dispatcher->dispatch(Object(CakeRequest), Object(CakeResponse))
#1 {main}
2014-08-06 07:05:54 Error: [MissingControllerException] Controller class AssetsController could not be found.
Exception Attributes: array (
  'class' => 'AssetsController',
  'plugin' => NULL,
)
Request URL: /test/cake/assets/avatars/avatar4.png
Stack Trace:
#0 C:\xampp\htdocs\test\cake\app\webroot\index.php(108): Dispatcher->dispatch(Object(CakeRequest), Object(CakeResponse))
#1 {main}
2014-08-06 07:05:54 Error: [MissingControllerException] Controller class AssetsController could not be found.
Exception Attributes: array (
  'class' => 'AssetsController',
  'plugin' => NULL,
)
Request URL: /test/cake/assets/avatars/avatar2.png
Stack Trace:
#0 C:\xampp\htdocs\test\cake\app\webroot\index.php(108): Dispatcher->dispatch(Object(CakeRequest), Object(CakeResponse))
#1 {main}
2014-08-06 07:05:54 Error: [MissingControllerException] Controller class AssetsController could not be found.
Exception Attributes: array (
  'class' => 'AssetsController',
  'plugin' => NULL,
)
Request URL: /test/cake/assets/avatars/avatar.png
Stack Trace:
#0 C:\xampp\htdocs\test\cake\app\webroot\index.php(108): Dispatcher->dispatch(Object(CakeRequest), Object(CakeResponse))
#1 {main}
2014-08-06 07:05:54 Error: [MissingControllerException] Controller class AssetsController could not be found.
Exception Attributes: array (
  'class' => 'AssetsController',
  'plugin' => NULL,
)
Request URL: /test/cake/assets/avatars/avatar5.png
Stack Trace:
#0 C:\xampp\htdocs\test\cake\app\webroot\index.php(108): Dispatcher->dispatch(Object(CakeRequest), Object(CakeResponse))
#1 {main}
2014-08-06 07:05:55 Error: [MissingControllerException] Controller class AssetsController could not be found.
Exception Attributes: array (
  'class' => 'AssetsController',
  'plugin' => NULL,
)
Request URL: /test/cake/assets/avatars/avatar3.png
Stack Trace:
#0 C:\xampp\htdocs\test\cake\app\webroot\index.php(108): Dispatcher->dispatch(Object(CakeRequest), Object(CakeResponse))
#1 {main}
2014-08-06 07:12:55 Error: [MissingControllerException] Controller class AssetsController could not be found.
Exception Attributes: array (
  'class' => 'AssetsController',
  'plugin' => NULL,
)
Request URL: /test/cake/assets/avatars/avatar4.png
Stack Trace:
#0 C:\xampp\htdocs\test\cake\app\webroot\index.php(108): Dispatcher->dispatch(Object(CakeRequest), Object(CakeResponse))
#1 {main}
2014-08-06 07:12:55 Error: [MissingControllerException] Controller class AssetsController could not be found.
Exception Attributes: array (
  'class' => 'AssetsController',
  'plugin' => NULL,
)
Request URL: /test/cake/assets/avatars/avatar.png
Stack Trace:
#0 C:\xampp\htdocs\test\cake\app\webroot\index.php(108): Dispatcher->dispatch(Object(CakeRequest), Object(CakeResponse))
#1 {main}
2014-08-06 07:12:55 Error: [MissingControllerException] Controller class AssetsController could not be found.
Exception Attributes: array (
  'class' => 'AssetsController',
  'plugin' => NULL,
)
Request URL: /test/cake/assets/avatars/avatar2.png
Stack Trace:
#0 C:\xampp\htdocs\test\cake\app\webroot\index.php(108): Dispatcher->dispatch(Object(CakeRequest), Object(CakeResponse))
#1 {main}
2014-08-06 07:12:55 Error: [MissingControllerException] Controller class AssetsController could not be found.
Exception Attributes: array (
  'class' => 'AssetsController',
  'plugin' => NULL,
)
Request URL: /test/cake/assets/avatars/avatar3.png
Stack Trace:
#0 C:\xampp\htdocs\test\cake\app\webroot\index.php(108): Dispatcher->dispatch(Object(CakeRequest), Object(CakeResponse))
#1 {main}
2014-08-06 07:12:55 Error: [MissingControllerException] Controller class AssetsController could not be found.
Exception Attributes: array (
  'class' => 'AssetsController',
  'plugin' => NULL,
)
Request URL: /test/cake/assets/avatars/avatar5.png
Stack Trace:
#0 C:\xampp\htdocs\test\cake\app\webroot\index.php(108): Dispatcher->dispatch(Object(CakeRequest), Object(CakeResponse))
#1 {main}
2014-08-06 07:12:55 Error: [MissingControllerException] Controller class AssetsController could not be found.
Exception Attributes: array (
  'class' => 'AssetsController',
  'plugin' => NULL,
)
Request URL: /test/cake/assets/avatars/user.jpg
Stack Trace:
#0 C:\xampp\htdocs\test\cake\app\webroot\index.php(108): Dispatcher->dispatch(Object(CakeRequest), Object(CakeResponse))
#1 {main}
2014-08-06 07:14:33 Error: [MissingControllerException] Controller class AssetsController could not be found.
Exception Attributes: array (
  'class' => 'AssetsController',
  'plugin' => NULL,
)
Request URL: /test/cake/assets/avatars/avatar4.png
Stack Trace:
#0 C:\xampp\htdocs\test\cake\app\webroot\index.php(108): Dispatcher->dispatch(Object(CakeRequest), Object(CakeResponse))
#1 {main}
2014-08-06 07:14:33 Error: [MissingControllerException] Controller class AssetsController could not be found.
Exception Attributes: array (
  'class' => 'AssetsController',
  'plugin' => NULL,
)
Request URL: /test/cake/assets/avatars/avatar.png
Stack Trace:
#0 C:\xampp\htdocs\test\cake\app\webroot\index.php(108): Dispatcher->dispatch(Object(CakeRequest), Object(CakeResponse))
#1 {main}
2014-08-06 07:14:33 Error: [MissingControllerException] Controller class AssetsController could not be found.
Exception Attributes: array (
  'class' => 'AssetsController',
  'plugin' => NULL,
)
Request URL: /test/cake/assets/avatars/avatar3.png
Stack Trace:
#0 C:\xampp\htdocs\test\cake\app\webroot\index.php(108): Dispatcher->dispatch(Object(CakeRequest), Object(CakeResponse))
#1 {main}
2014-08-06 07:14:33 Error: [MissingControllerException] Controller class AssetsController could not be found.
Exception Attributes: array (
  'class' => 'AssetsController',
  'plugin' => NULL,
)
Request URL: /test/cake/assets/avatars/user.jpg
Stack Trace:
#0 C:\xampp\htdocs\test\cake\app\webroot\index.php(108): Dispatcher->dispatch(Object(CakeRequest), Object(CakeResponse))
#1 {main}
2014-08-06 07:14:33 Error: [MissingControllerException] Controller class AssetsController could not be found.
Exception Attributes: array (
  'class' => 'AssetsController',
  'plugin' => NULL,
)
Request URL: /test/cake/assets/avatars/avatar5.png
Stack Trace:
#0 C:\xampp\htdocs\test\cake\app\webroot\index.php(108): Dispatcher->dispatch(Object(CakeRequest), Object(CakeResponse))
#1 {main}
2014-08-06 07:14:33 Error: [MissingControllerException] Controller class AssetsController could not be found.
Exception Attributes: array (
  'class' => 'AssetsController',
  'plugin' => NULL,
)
Request URL: /test/cake/assets/avatars/avatar2.png
Stack Trace:
#0 C:\xampp\htdocs\test\cake\app\webroot\index.php(108): Dispatcher->dispatch(Object(CakeRequest), Object(CakeResponse))
#1 {main}
2014-08-06 07:14:59 Error: [MissingControllerException] Controller class AssetsController could not be found.
Exception Attributes: array (
  'class' => 'AssetsController',
  'plugin' => NULL,
)
Request URL: /test/cake/assets/avatars/avatar4.png
Stack Trace:
#0 C:\xampp\htdocs\test\cake\app\webroot\index.php(108): Dispatcher->dispatch(Object(CakeRequest), Object(CakeResponse))
#1 {main}
2014-08-06 07:14:59 Error: [MissingControllerException] Controller class AssetsController could not be found.
Exception Attributes: array (
  'class' => 'AssetsController',
  'plugin' => NULL,
)
Request URL: /test/cake/assets/avatars/avatar5.png
Stack Trace:
#0 C:\xampp\htdocs\test\cake\app\webroot\index.php(108): Dispatcher->dispatch(Object(CakeRequest), Object(CakeResponse))
#1 {main}
2014-08-06 07:14:59 Error: [MissingControllerException] Controller class AssetsController could not be found.
Exception Attributes: array (
  'class' => 'AssetsController',
  'plugin' => NULL,
)
Request URL: /test/cake/assets/avatars/user.jpg
Stack Trace:
#0 C:\xampp\htdocs\test\cake\app\webroot\index.php(108): Dispatcher->dispatch(Object(CakeRequest), Object(CakeResponse))
#1 {main}
2014-08-06 07:14:59 Error: [MissingControllerException] Controller class AssetsController could not be found.
Exception Attributes: array (
  'class' => 'AssetsController',
  'plugin' => NULL,
)
Request URL: /test/cake/assets/avatars/avatar.png
Stack Trace:
#0 C:\xampp\htdocs\test\cake\app\webroot\index.php(108): Dispatcher->dispatch(Object(CakeRequest), Object(CakeResponse))
#1 {main}
2014-08-06 07:14:59 Error: [MissingControllerException] Controller class AssetsController could not be found.
Exception Attributes: array (
  'class' => 'AssetsController',
  'plugin' => NULL,
)
Request URL: /test/cake/assets/avatars/avatar2.png
Stack Trace:
#0 C:\xampp\htdocs\test\cake\app\webroot\index.php(108): Dispatcher->dispatch(Object(CakeRequest), Object(CakeResponse))
#1 {main}
2014-08-06 07:14:59 Error: [MissingControllerException] Controller class AssetsController could not be found.
Exception Attributes: array (
  'class' => 'AssetsController',
  'plugin' => NULL,
)
Request URL: /test/cake/assets/avatars/avatar3.png
Stack Trace:
#0 C:\xampp\htdocs\test\cake\app\webroot\index.php(108): Dispatcher->dispatch(Object(CakeRequest), Object(CakeResponse))
#1 {main}
2014-08-06 19:40:39 Error: Fatal Error (4): syntax error, unexpected '=' in [C:\xampp\htdocs\test\cake\app\View\Categories\index.ctp, line 58]
2014-08-06 19:40:39 Error: [FatalErrorException] syntax error, unexpected '='
Request URL: /test/cake/categories
Stack Trace:
#0 C:\xampp\htdocs\test\cake\lib\Cake\Error\ErrorHandler.php(203): ErrorHandler::handleFatalError(4, 'syntax error, u...', 'C:\xampp\htdocs...', 58)
#1 [internal function]: ErrorHandler::handleError(4, 'syntax error, u...', 'C:\xampp\htdocs...', 58, Array)
#2 C:\xampp\htdocs\test\cake\lib\Cake\Core\App.php(931): call_user_func('ErrorHandler::h...', 4, 'syntax error, u...', 'C:\xampp\htdocs...', 58, Array)
#3 C:\xampp\htdocs\test\cake\lib\Cake\Core\App.php(904): App::_checkFatalError()
#4 [internal function]: App::shutdown()
#5 {main}
2014-08-06 19:44:52 Error: Fatal Error (4): syntax error, unexpected T_OBJECT_OPERATOR in [C:\xampp\htdocs\test\cake\app\View\Categories\index.ctp, line 60]
2014-08-06 19:44:52 Error: [FatalErrorException] syntax error, unexpected T_OBJECT_OPERATOR
Request URL: /test/cake/categories
Stack Trace:
#0 C:\xampp\htdocs\test\cake\lib\Cake\Error\ErrorHandler.php(203): ErrorHandler::handleFatalError(4, 'syntax error, u...', 'C:\xampp\htdocs...', 60)
#1 [internal function]: ErrorHandler::handleError(4, 'syntax error, u...', 'C:\xampp\htdocs...', 60, Array)
#2 C:\xampp\htdocs\test\cake\lib\Cake\Core\App.php(931): call_user_func('ErrorHandler::h...', 4, 'syntax error, u...', 'C:\xampp\htdocs...', 60, Array)
#3 C:\xampp\htdocs\test\cake\lib\Cake\Core\App.php(904): App::_checkFatalError()
#4 [internal function]: App::shutdown()
#5 {main}
2014-08-06 19:49:13 Error: Fatal Error (4): syntax error, unexpected '<' in [C:\xampp\htdocs\test\cake\app\View\Categories\add.ctp, line 41]
2014-08-06 19:49:13 Error: [FatalErrorException] syntax error, unexpected '<'
Request URL: /test/cake/Categories/add
Stack Trace:
#0 C:\xampp\htdocs\test\cake\lib\Cake\Error\ErrorHandler.php(203): ErrorHandler::handleFatalError(4, 'syntax error, u...', 'C:\xampp\htdocs...', 41)
#1 [internal function]: ErrorHandler::handleError(4, 'syntax error, u...', 'C:\xampp\htdocs...', 41, Array)
#2 C:\xampp\htdocs\test\cake\lib\Cake\Core\App.php(931): call_user_func('ErrorHandler::h...', 4, 'syntax error, u...', 'C:\xampp\htdocs...', 41, Array)
#3 C:\xampp\htdocs\test\cake\lib\Cake\Core\App.php(904): App::_checkFatalError()
#4 [internal function]: App::shutdown()
#5 {main}
2014-08-06 19:50:14 Error: Fatal Error (4): syntax error, unexpected T_OBJECT_OPERATOR in [C:\xampp\htdocs\test\cake\app\View\Categories\add.ctp, line 82]
2014-08-06 19:50:14 Error: [FatalErrorException] syntax error, unexpected T_OBJECT_OPERATOR
Request URL: /test/cake/Categories/add
Stack Trace:
#0 C:\xampp\htdocs\test\cake\lib\Cake\Error\ErrorHandler.php(203): ErrorHandler::handleFatalError(4, 'syntax error, u...', 'C:\xampp\htdocs...', 82)
#1 [internal function]: ErrorHandler::handleError(4, 'syntax error, u...', 'C:\xampp\htdocs...', 82, Array)
#2 C:\xampp\htdocs\test\cake\lib\Cake\Core\App.php(931): call_user_func('ErrorHandler::h...', 4, 'syntax error, u...', 'C:\xampp\htdocs...', 82, Array)
#3 C:\xampp\htdocs\test\cake\lib\Cake\Core\App.php(904): App::_checkFatalError()
#4 [internal function]: App::shutdown()
#5 {main}
2014-08-06 20:01:11 Error: [MissingActionException] Action PagesController::index() could not be found.
Exception Attributes: array (
  'controller' => 'PagesController',
  'action' => 'index',
)
Request URL: /test/cake/pages/
Stack Trace:
#0 C:\xampp\htdocs\test\cake\lib\Cake\Routing\Dispatcher.php(191): Controller->invokeAction(Object(CakeRequest))
#1 C:\xampp\htdocs\test\cake\lib\Cake\Routing\Dispatcher.php(165): Dispatcher->_invoke(Object(PagesController), Object(CakeRequest))
#2 C:\xampp\htdocs\test\cake\app\webroot\index.php(108): Dispatcher->dispatch(Object(CakeRequest), Object(CakeResponse))
#3 {main}
2014-08-06 20:32:00 Error: [MethodNotAllowedException] Method Not Allowed
Request URL: /test/cake/Categories/delete/1
Stack Trace:
#0 C:\xampp\htdocs\test\cake\app\Controller\CategoriesController.php(101): CakeRequest->allowMethod('post', 'delete')
#1 [internal function]: CategoriesController->delete('1')
#2 C:\xampp\htdocs\test\cake\lib\Cake\Controller\Controller.php(490): ReflectionMethod->invokeArgs(Object(CategoriesController), Array)
#3 C:\xampp\htdocs\test\cake\lib\Cake\Routing\Dispatcher.php(191): Controller->invokeAction(Object(CakeRequest))
#4 C:\xampp\htdocs\test\cake\lib\Cake\Routing\Dispatcher.php(165): Dispatcher->_invoke(Object(CategoriesController), Object(CakeRequest))
#5 C:\xampp\htdocs\test\cake\app\webroot\index.php(108): Dispatcher->dispatch(Object(CakeRequest), Object(CakeResponse))
#6 {main}
2014-08-06 20:32:50 Error: [MethodNotAllowedException] Method Not Allowed
Request URL: /test/cake/Categories/delete/1
Stack Trace:
#0 C:\xampp\htdocs\test\cake\app\Controller\CategoriesController.php(101): CakeRequest->allowMethod('post', 'delete')
#1 [internal function]: CategoriesController->delete('1')
#2 C:\xampp\htdocs\test\cake\lib\Cake\Controller\Controller.php(490): ReflectionMethod->invokeArgs(Object(CategoriesController), Array)
#3 C:\xampp\htdocs\test\cake\lib\Cake\Routing\Dispatcher.php(191): Controller->invokeAction(Object(CakeRequest))
#4 C:\xampp\htdocs\test\cake\lib\Cake\Routing\Dispatcher.php(165): Dispatcher->_invoke(Object(CategoriesController), Object(CakeRequest))
#5 C:\xampp\htdocs\test\cake\app\webroot\index.php(108): Dispatcher->dispatch(Object(CakeRequest), Object(CakeResponse))
#6 {main}
2014-08-06 20:33:16 Error: [MethodNotAllowedException] Method Not Allowed
Request URL: /test/cake/Categories/delete/1
Stack Trace:
#0 C:\xampp\htdocs\test\cake\app\Controller\CategoriesController.php(101): CakeRequest->allowMethod('post', 'delete')
#1 [internal function]: CategoriesController->delete('1')
#2 C:\xampp\htdocs\test\cake\lib\Cake\Controller\Controller.php(490): ReflectionMethod->invokeArgs(Object(CategoriesController), Array)
#3 C:\xampp\htdocs\test\cake\lib\Cake\Routing\Dispatcher.php(191): Controller->invokeAction(Object(CakeRequest))
#4 C:\xampp\htdocs\test\cake\lib\Cake\Routing\Dispatcher.php(165): Dispatcher->_invoke(Object(CategoriesController), Object(CakeRequest))
#5 C:\xampp\htdocs\test\cake\app\webroot\index.php(108): Dispatcher->dispatch(Object(CakeRequest), Object(CakeResponse))
#6 {main}
2014-08-07 05:55:39 Error: [MissingViewException] View file "C:\xampp\htdocs\test\cake\app\View\Users\index.ctp" is missing.
Exception Attributes: array (
  'file' => 'C:\\xampp\\htdocs\\test\\cake\\app\\View\\Users\\index.ctp',
)
Request URL: /test/cake/users
Stack Trace:
#0 C:\xampp\htdocs\test\cake\lib\Cake\View\View.php(468): View->_getViewFileName(NULL)
#1 C:\xampp\htdocs\test\cake\lib\Cake\Controller\Controller.php(954): View->render(NULL, NULL)
#2 C:\xampp\htdocs\test\cake\lib\Cake\Routing\Dispatcher.php(198): Controller->render()
#3 C:\xampp\htdocs\test\cake\lib\Cake\Routing\Dispatcher.php(165): Dispatcher->_invoke(Object(UsersController), Object(CakeRequest))
#4 C:\xampp\htdocs\test\cake\app\webroot\index.php(108): Dispatcher->dispatch(Object(CakeRequest), Object(CakeResponse))
#5 {main}
2014-08-08 06:21:48 Error: [MissingActionException] Action UsersController::login() could not be found.
Exception Attributes: array (
  'controller' => 'UsersController',
  'action' => 'login',
)
Request URL: /test/cake/users/login
Stack Trace:
#0 C:\xampp\htdocs\test\cake\lib\Cake\Routing\Dispatcher.php(191): Controller->invokeAction(Object(CakeRequest))
#1 C:\xampp\htdocs\test\cake\lib\Cake\Routing\Dispatcher.php(165): Dispatcher->_invoke(Object(UsersController), Object(CakeRequest))
#2 C:\xampp\htdocs\test\cake\app\webroot\index.php(108): Dispatcher->dispatch(Object(CakeRequest), Object(CakeResponse))
#3 {main}
2014-08-08 06:21:49 Error: [MissingActionException] Action UsersController::login() could not be found.
Exception Attributes: array (
  'controller' => 'UsersController',
  'action' => 'login',
)
Request URL: /test/cake/users/login
Stack Trace:
#0 C:\xampp\htdocs\test\cake\lib\Cake\Routing\Dispatcher.php(191): Controller->invokeAction(Object(CakeRequest))
#1 C:\xampp\htdocs\test\cake\lib\Cake\Routing\Dispatcher.php(165): Dispatcher->_invoke(Object(UsersController), Object(CakeRequest))
#2 C:\xampp\htdocs\test\cake\app\webroot\index.php(108): Dispatcher->dispatch(Object(CakeRequest), Object(CakeResponse))
#3 {main}
2014-08-13 07:30:43 Error: Fatal Error (1): Call to a member function setFlash() on a non-object in [C:\xampp\htdocs\test\cake\app\Controller\CategoriesController.php, line 102]
2014-08-13 07:30:43 Error: [FatalErrorException] Call to a member function setFlash() on a non-object
Request URL: /test/cake/Categories/delete/1
Stack Trace:
#0 C:\xampp\htdocs\test\cake\lib\Cake\Error\ErrorHandler.php(203): ErrorHandler::handleFatalError(1, 'Call to a membe...', 'C:\xampp\htdocs...', 102)
#1 [internal function]: ErrorHandler::handleError(1, 'Call to a membe...', 'C:\xampp\htdocs...', 102, Array)
#2 C:\xampp\htdocs\test\cake\lib\Cake\Core\App.php(931): call_user_func('ErrorHandler::h...', 1, 'Call to a membe...', 'C:\xampp\htdocs...', 102, Array)
#3 C:\xampp\htdocs\test\cake\lib\Cake\Core\App.php(904): App::_checkFatalError()
#4 [internal function]: App::shutdown()
#5 {main}
2014-08-13 07:32:15 Error: [NotFoundException] Invalid category
Request URL: /test/cake/Categories/delete/1
Stack Trace:
#0 [internal function]: CategoriesController->delete('1')
#1 C:\xampp\htdocs\test\cake\lib\Cake\Controller\Controller.php(490): ReflectionMethod->invokeArgs(Object(CategoriesController), Array)
#2 C:\xampp\htdocs\test\cake\lib\Cake\Routing\Dispatcher.php(191): Controller->invokeAction(Object(CakeRequest))
#3 C:\xampp\htdocs\test\cake\lib\Cake\Routing\Dispatcher.php(165): Dispatcher->_invoke(Object(CategoriesController), Object(CakeRequest))
#4 C:\xampp\htdocs\test\cake\app\webroot\index.php(108): Dispatcher->dispatch(Object(CakeRequest), Object(CakeResponse))
#5 {main}
2014-08-13 07:32:42 Error: Fatal Error (1): Call to a member function setFlash() on a non-object in [C:\xampp\htdocs\test\cake\app\Controller\CategoriesController.php, line 55]
2014-08-13 07:32:42 Error: [FatalErrorException] Call to a member function setFlash() on a non-object
Request URL: /test/cake/Categories/add/
Stack Trace:
#0 C:\xampp\htdocs\test\cake\lib\Cake\Error\ErrorHandler.php(203): ErrorHandler::handleFatalError(1, 'Call to a membe...', 'C:\xampp\htdocs...', 55)
#1 [internal function]: ErrorHandler::handleError(1, 'Call to a membe...', 'C:\xampp\htdocs...', 55, Array)
#2 C:\xampp\htdocs\test\cake\lib\Cake\Core\App.php(931): call_user_func('ErrorHandler::h...', 1, 'Call to a membe...', 'C:\xampp\htdocs...', 55, Array)
#3 C:\xampp\htdocs\test\cake\lib\Cake\Core\App.php(904): App::_checkFatalError()
#4 [internal function]: App::shutdown()
#5 {main}
2014-08-13 08:03:26 Error: [MissingActionException] Action UsersController::test() could not be found.
Exception Attributes: array (
  'controller' => 'UsersController',
  'action' => 'test',
)
Request URL: /test/cake/users/test/cake/template_admin/assets/js/jquery.gritter.min.js
Stack Trace:
#0 C:\xampp\htdocs\test\cake\lib\Cake\Routing\Dispatcher.php(191): Controller->invokeAction(Object(CakeRequest))
#1 C:\xampp\htdocs\test\cake\lib\Cake\Routing\Dispatcher.php(165): Dispatcher->_invoke(Object(UsersController), Object(CakeRequest))
#2 C:\xampp\htdocs\test\cake\app\webroot\index.php(108): Dispatcher->dispatch(Object(CakeRequest), Object(CakeResponse))
#3 {main}
2014-08-13 08:03:28 Error: [MissingActionException] Action UsersController::test() could not be found.
Exception Attributes: array (
  'controller' => 'UsersController',
  'action' => 'test',
)
Request URL: /test/cake/users/test/cake/template_admin/assets/js/jquery.gritter.min.js
Stack Trace:
#0 C:\xampp\htdocs\test\cake\lib\Cake\Routing\Dispatcher.php(191): Controller->invokeAction(Object(CakeRequest))
#1 C:\xampp\htdocs\test\cake\lib\Cake\Routing\Dispatcher.php(165): Dispatcher->_invoke(Object(UsersController), Object(CakeRequest))
#2 C:\xampp\htdocs\test\cake\app\webroot\index.php(108): Dispatcher->dispatch(Object(CakeRequest), Object(CakeResponse))
#3 {main}
2014-08-13 08:04:12 Error: [MissingActionException] Action UsersController::test() could not be found.
Exception Attributes: array (
  'controller' => 'UsersController',
  'action' => 'test',
)
Request URL: /test/cake/users/test/cake/template_admin/assets/js/jquery.gritter.min.js
Stack Trace:
#0 C:\xampp\htdocs\test\cake\lib\Cake\Routing\Dispatcher.php(191): Controller->invokeAction(Object(CakeRequest))
#1 C:\xampp\htdocs\test\cake\lib\Cake\Routing\Dispatcher.php(165): Dispatcher->_invoke(Object(UsersController), Object(CakeRequest))
#2 C:\xampp\htdocs\test\cake\app\webroot\index.php(108): Dispatcher->dispatch(Object(CakeRequest), Object(CakeResponse))
#3 {main}
2014-08-13 08:15:24 Error: [MissingControllerException] Controller class TemplateAdminController could not be found.
Exception Attributes: array (
  'class' => 'TemplateAdminController',
  'plugin' => NULL,
)
Request URL: /test/cake/template_admin/assets/images/gritter-light.png
Stack Trace:
#0 C:\xampp\htdocs\test\cake\app\webroot\index.php(108): Dispatcher->dispatch(Object(CakeRequest), Object(CakeResponse))
#1 {main}
2014-08-13 08:34:32 Error: [MissingActionException] Action UsersController::dashboard() could not be found.
Exception Attributes: array (
  'controller' => 'UsersController',
  'action' => 'dashboard',
)
Request URL: /test/cake/users/dashboard
Stack Trace:
#0 C:\xampp\htdocs\test\cake\lib\Cake\Routing\Dispatcher.php(191): Controller->invokeAction(Object(CakeRequest))
#1 C:\xampp\htdocs\test\cake\lib\Cake\Routing\Dispatcher.php(165): Dispatcher->_invoke(Object(UsersController), Object(CakeRequest))
#2 C:\xampp\htdocs\test\cake\app\webroot\index.php(108): Dispatcher->dispatch(Object(CakeRequest), Object(CakeResponse))
#3 {main}
2014-08-13 08:35:24 Error: [MissingActionException] Action UsersController::dashboard() could not be found.
Exception Attributes: array (
  'controller' => 'UsersController',
  'action' => 'dashboard',
)
Request URL: /test/cake/users/dashboard
Stack Trace:
#0 C:\xampp\htdocs\test\cake\lib\Cake\Routing\Dispatcher.php(191): Controller->invokeAction(Object(CakeRequest))
#1 C:\xampp\htdocs\test\cake\lib\Cake\Routing\Dispatcher.php(165): Dispatcher->_invoke(Object(UsersController), Object(CakeRequest))
#2 C:\xampp\htdocs\test\cake\app\webroot\index.php(108): Dispatcher->dispatch(Object(CakeRequest), Object(CakeResponse))
#3 {main}
2014-08-29 16:37:42 Error: [NotFoundException] Invalid user
Request URL: /test/cake/Users/edit/index.html
Stack Trace:
#0 [internal function]: UsersController->edit('index.html')
#1 C:\xampp\htdocs\test\cake\lib\Cake\Controller\Controller.php(490): ReflectionMethod->invokeArgs(Object(UsersController), Array)
#2 C:\xampp\htdocs\test\cake\lib\Cake\Routing\Dispatcher.php(191): Controller->invokeAction(Object(CakeRequest))
#3 C:\xampp\htdocs\test\cake\lib\Cake\Routing\Dispatcher.php(165): Dispatcher->_invoke(Object(UsersController), Object(CakeRequest))
#4 C:\xampp\htdocs\test\cake\app\webroot\index.php(108): Dispatcher->dispatch(Object(CakeRequest), Object(CakeResponse))
#5 {main}
